# JRE version: OpenJDK Runtime Environment Temurin-21.0.12.1+1 (21.0.12.1+1) (build 21.0.12.1+1-LTS)
# Java VM: OpenJDK 64-Bit Server VM Temurin-21.0.12.1+1 (21.0.12.1+1-LTS, mixed mode, sharing, tiered, compressed oops, compressed class ptrs, parallel gc, windows-amd64)
GC Precious Log:
 CardTable entry size: 512
 CPUs: 12 total, 12 available
 Memory: 7876M
 Large Page Support: Disabled
 NUMA Support: Disabled
 Compressed Oops: Enabled (32-bit)
 Alignments: Space 512K, Generation 512K, Heap 2M
 Heap Min Capacity: 100M
 Heap Initial Capacity: 100M
 Heap Max Capacity: 2G
 Pre-touch: Disabled
 Parallel Workers: 10
Heap:
 PSYoungGen      total 15872K, used 13150K [0x00000000d5580000, 0x00000000d6800000, 0x0000000100000000)
  eden space 14848K, 84% used [0x00000000d5580000,0x00000000d61bfbd8,0x00000000d6400000)
  from space 1024K, 59% used [0x00000000d6700000,0x00000000d6798000,0x00000000d6800000)
  to   space 1024K, 0% used [0x00000000d6600000,0x00000000d6600000,0x00000000d6700000)
 ParOldGen       total 68608K, used 53954K [0x0000000080000000, 0x0000000084300000, 0x00000000d5580000)
  object space 68608K, 78% used [0x0000000080000000,0x00000000834b0840,0x0000000084300000)
 Metaspace       used 64598K, committed 65984K, reserved 1114112K
  class space    used 6835K, committed 7424K, reserved 1048576K
GC Heap History (20 events):
Event: 55.187 GC heap before
{Heap before GC invocations=36 (full 2):
 PSYoungGen      total 15872K, used 15435K [0x00000000d5580000, 0x00000000d6a00000, 0x0000000100000000)
  eden space 14848K, 99% used [0x00000000d5580000,0x00000000d63faed8,0x00000000d6400000)
  from space 1024K, 59% used [0x00000000d6880000,0x00000000d6918000,0x00000000d6980000)
  to   space 512K, 0% used [0x00000000d6980000,0x00000000d6980000,0x00000000d6a00000)
 ParOldGen       total 68608K, used 49254K [0x0000000080000000, 0x0000000084300000, 0x00000000d5580000)
  object space 68608K, 71% used [0x0000000080000000,0x0000000083019b10,0x0000000084300000)
 Metaspace       used 58326K, committed 59584K, reserved 1114112K
  class space    used 6245K, committed 6784K, reserved 1048576K
}
Event: 55.193 GC heap after
{Heap after GC invocations=36 (full 2):
 PSYoungGen      total 15360K, used 482K [0x00000000d5580000, 0x00000000d6a00000, 0x0000000100000000)
  eden space 14848K, 0% used [0x00000000d5580000,0x00000000d5580000,0x00000000d6400000)
  from space 512K, 94% used [0x00000000d6980000,0x00000000d69f8b88,0x00000000d6a00000)
  to   space 2560K, 0% used [0x00000000d6500000,0x00000000d6500000,0x00000000d6780000)
 ParOldGen       total 68608K, used 50623K [0x0000000080000000, 0x0000000084300000, 0x00000000d5580000)
  object space 68608K, 73% used [0x0000000080000000,0x000000008316fc50,0x0000000084300000)
 Metaspace       used 58326K, committed 59584K, reserved 1114112K
  class space    used 6245K, committed 6784K, reserved 1048576K
}
Event: 55.379 GC heap before
{Heap before GC invocations=37 (full 2):
 PSYoungGen      total 15360K, used 5087K [0x00000000d5580000, 0x00000000d6a00000, 0x0000000100000000)
  eden space 14848K, 31% used [0x00000000d5580000,0x00000000d59ff1c8,0x00000000d6400000)
  from space 512K, 94% used [0x00000000d6980000,0x00000000d69f8b88,0x00000000d6a00000)
  to   space 2560K, 0% used [0x00000000d6500000,0x00000000d6500000,0x00000000d6780000)
 ParOldGen       total 68608K, used 50623K [0x0000000080000000, 0x0000000084300000, 0x00000000d5580000)
  object space 68608K, 73% used [0x0000000080000000,0x000000008316fc50,0x0000000084300000)
 Metaspace       used 58481K, committed 59776K, reserved 1114112K
  class space    used 6261K, committed 6848K, reserved 1048576K
}
Event: 55.383 GC heap after
{Heap after GC invocations=37 (full 2):
 PSYoungGen      total 17408K, used 950K [0x00000000d5580000, 0x00000000d6a00000, 0x0000000100000000)
  eden space 14848K, 0% used [0x00000000d5580000,0x00000000d5580000,0x00000000d6400000)
  from space 2560K, 37% used [0x00000000d6500000,0x00000000d65ed910,0x00000000d6780000)
  to   space 1536K, 0% used [0x00000000d6880000,0x00000000d6880000,0x00000000d6a00000)
 ParOldGen       total 68608K, used 51129K [0x0000000080000000, 0x0000000084300000, 0x00000000d5580000)
  object space 68608K, 74% used [0x0000000080000000,0x00000000831ee7d8,0x0000000084300000)
 Metaspace       used 58481K, committed 59776K, reserved 1114112K
  class space    used 6261K, committed 6848K, reserved 1048576K
}
Event: 55.383 GC heap before
{Heap before GC invocations=38 (full 3):
 PSYoungGen      total 17408K, used 950K [0x00000000d5580000, 0x00000000d6a00000, 0x0000000100000000)
  eden space 14848K, 0% used [0x00000000d5580000,0x00000000d5580000,0x00000000d6400000)
  from space 2560K, 37% used [0x00000000d6500000,0x00000000d65ed910,0x00000000d6780000)
  to   space 1536K, 0% used [0x00000000d6880000,0x00000000d6880000,0x00000000d6a00000)
 ParOldGen       total 68608K, used 51129K [0x0000000080000000, 0x0000000084300000, 0x00000000d5580000)
  object space 68608K, 74% used [0x0000000080000000,0x00000000831ee7d8,0x0000000084300000)
 Metaspace       used 58481K, committed 59776K, reserved 1114112K
  class space    used 6261K, committed 6848K, reserved 1048576K
}
Event: 55.586 GC heap after
{Heap after GC invocations=38 (full 3):
 PSYoungGen      total 17408K, used 0K [0x00000000d5580000, 0x00000000d6a00000, 0x0000000100000000)
  eden space 14848K, 0% used [0x00000000d5580000,0x00000000d5580000,0x00000000d6400000)
  from space 2560K, 0% used [0x00000000d6500000,0x00000000d6500000,0x00000000d6780000)
  to   space 1536K, 0% used [0x00000000d6880000,0x00000000d6880000,0x00000000d6a00000)
 ParOldGen       total 68608K, used 47961K [0x0000000080000000, 0x0000000084300000, 0x00000000d5580000)
  object space 68608K, 69% used [0x0000000080000000,0x0000000082ed64a0,0x0000000084300000)
 Metaspace       used 58481K, committed 59776K, reserved 1114112K
  class space    used 6261K, committed 6848K, reserved 1048576K
}
Event: 56.322 GC heap before
{Heap before GC invocations=39 (full 3):
 PSYoungGen      total 17408K, used 14848K [0x00000000d5580000, 0x00000000d6a00000, 0x0000000100000000)
  eden space 14848K, 100% used [0x00000000d5580000,0x00000000d6400000,0x00000000d6400000)
  from space 2560K, 0% used [0x00000000d6500000,0x00000000d6500000,0x00000000d6780000)
  to   space 1536K, 0% used [0x00000000d6880000,0x00000000d6880000,0x00000000d6a00000)
 ParOldGen       total 68608K, used 47961K [0x0000000080000000, 0x0000000084300000, 0x00000000d5580000)
  object space 68608K, 69% used [0x0000000080000000,0x0000000082ed64a0,0x0000000084300000)
 Metaspace       used 59838K, committed 61184K, reserved 1114112K
  class space    used 6416K, committed 6976K, reserved 1048576K
}
Event: 56.328 GC heap after
{Heap after GC invocations=39 (full 3):
 PSYoungGen      total 16384K, used 1530K [0x00000000d5580000, 0x00000000d6a00000, 0x0000000100000000)
  eden space 14848K, 0% used [0x00000000d5580000,0x00000000d5580000,0x00000000d6400000)
  from space 1536K, 99% used [0x00000000d6880000,0x00000000d69feaf0,0x00000000d6a00000)
  to   space 2560K, 0% used [0x00000000d6500000,0x00000000d6500000,0x00000000d6780000)
 ParOldGen       total 68608K, used 48498K [0x0000000080000000, 0x0000000084300000, 0x00000000d5580000)
  object space 68608K, 70% used [0x0000000080000000,0x0000000082f5c8c8,0x0000000084300000)
 Metaspace       used 59838K, committed 61184K, reserved 1114112K
  class space    used 6416K, committed 6976K, reserved 1048576K
}
Event: 56.999 GC heap before
{Heap before GC invocations=40 (full 3):
 PSYoungGen      total 16384K, used 16371K [0x00000000d5580000, 0x00000000d6a00000, 0x0000000100000000)
  eden space 14848K, 99% used [0x00000000d5580000,0x00000000d63fe210,0x00000000d6400000)
  from space 1536K, 99% used [0x00000000d6880000,0x00000000d69feaf0,0x00000000d6a00000)
  to   space 2560K, 0% used [0x00000000d6500000,0x00000000d6500000,0x00000000d6780000)
 ParOldGen       total 68608K, used 48498K [0x0000000080000000, 0x0000000084300000, 0x00000000d5580000)
  object space 68608K, 70% used [0x0000000080000000,0x0000000082f5c8c8,0x0000000084300000)
 Metaspace       used 61032K, committed 62336K, reserved 1114112K
  class space    used 6519K, committed 7104K, reserved 1048576K
}
Event: 57.005 GC heap after
{Heap after GC invocations=40 (full 3):
 PSYoungGen      total 16896K, used 1883K [0x00000000d5580000, 0x00000000d6900000, 0x0000000100000000)
  eden space 14848K, 0% used [0x00000000d5580000,0x00000000d5580000,0x00000000d6400000)
  from space 2048K, 91% used [0x00000000d6500000,0x00000000d66d6c30,0x00000000d6700000)
  to   space 2048K, 0% used [0x00000000d6700000,0x00000000d6700000,0x00000000d6900000)
 ParOldGen       total 68608K, used 49932K [0x0000000080000000, 0x0000000084300000, 0x00000000d5580000)
  object space 68608K, 72% used [0x0000000080000000,0x00000000830c3170,0x0000000084300000)
 Metaspace       used 61032K, committed 62336K, reserved 1114112K
  class space    used 6519K, committed 7104K, reserved 1048576K
}
Event: 57.491 GC heap before
{Heap before GC invocations=41 (full 3):
 PSYoungGen      total 16896K, used 16731K [0x00000000d5580000, 0x00000000d6900000, 0x0000000100000000)
  eden space 14848K, 100% used [0x00000000d5580000,0x00000000d6400000,0x00000000d6400000)
  from space 2048K, 91% used [0x00000000d6500000,0x00000000d66d6c30,0x00000000d6700000)
  to   space 2048K, 0% used [0x00000000d6700000,0x00000000d6700000,0x00000000d6900000)
 ParOldGen       total 68608K, used 49932K [0x0000000080000000, 0x0000000084300000, 0x00000000d5580000)
  object space 68608K, 72% used [0x0000000080000000,0x00000000830c3170,0x0000000084300000)
 Metaspace       used 61739K, committed 63104K, reserved 1114112K
  class space    used 6579K, committed 7168K, reserved 1048576K
}
Event: 57.495 GC heap after
{Heap after GC invocations=41 (full 3):
 PSYoungGen      total 16896K, used 1568K [0x00000000d5580000, 0x00000000d6900000, 0x0000000100000000)
  eden space 14848K, 0% used [0x00000000d5580000,0x00000000d5580000,0x00000000d6400000)
  from space 2048K, 76% used [0x00000000d6700000,0x00000000d6888020,0x00000000d6900000)
  to   space 2048K, 0% used [0x00000000d6500000,0x00000000d6500000,0x00000000d6700000)
 ParOldGen       total 68608K, used 50759K [0x0000000080000000, 0x0000000084300000, 0x00000000d5580000)
  object space 68608K, 73% used [0x0000000080000000,0x0000000083191f80,0x0000000084300000)
 Metaspace       used 61739K, committed 63104K, reserved 1114112K
  class space    used 6579K, committed 7168K, reserved 1048576K
}
Event: 58.437 GC heap before
{Heap before GC invocations=42 (full 3):
 PSYoungGen      total 16896K, used 16416K [0x00000000d5580000, 0x00000000d6900000, 0x0000000100000000)
  eden space 14848K, 100% used [0x00000000d5580000,0x00000000d6400000,0x00000000d6400000)
  from space 2048K, 76% used [0x00000000d6700000,0x00000000d6888020,0x00000000d6900000)
  to   space 2048K, 0% used [0x00000000d6500000,0x00000000d6500000,0x00000000d6700000)
 ParOldGen       total 68608K, used 50759K [0x0000000080000000, 0x0000000084300000, 0x00000000d5580000)
  object space 68608K, 73% used [0x0000000080000000,0x0000000083191f80,0x0000000084300000)
 Metaspace       used 63091K, committed 64384K, reserved 1114112K
  class space    used 6724K, committed 7296K, reserved 1048576K
}
Event: 58.442 GC heap after
{Heap after GC invocations=42 (full 3):
 PSYoungGen      total 16896K, used 2037K [0x00000000d5580000, 0x00000000d6b00000, 0x0000000100000000)
  eden space 14848K, 0% used [0x00000000d5580000,0x00000000d5580000,0x00000000d6400000)
  from space 2048K, 99% used [0x00000000d6500000,0x00000000d66fd738,0x00000000d6700000)
  to   space 3584K, 0% used [0x00000000d6780000,0x00000000d6780000,0x00000000d6b00000)
 ParOldGen       total 68608K, used 51768K [0x0000000080000000, 0x0000000084300000, 0x00000000d5580000)
  object space 68608K, 75% used [0x0000000080000000,0x000000008328e070,0x0000000084300000)
 Metaspace       used 63091K, committed 64384K, reserved 1114112K
  class space    used 6724K, committed 7296K, reserved 1048576K
}
Event: 60.843 GC heap before
{Heap before GC invocations=43 (full 3):
 PSYoungGen      total 16896K, used 16885K [0x00000000d5580000, 0x00000000d6b00000, 0x0000000100000000)
  eden space 14848K, 100% used [0x00000000d5580000,0x00000000d6400000,0x00000000d6400000)
  from space 2048K, 99% used [0x00000000d6500000,0x00000000d66fd738,0x00000000d6700000)
  to   space 3584K, 0% used [0x00000000d6780000,0x00000000d6780000,0x00000000d6b00000)
 ParOldGen       total 68608K, used 51768K [0x0000000080000000, 0x0000000084300000, 0x00000000d5580000)
  object space 68608K, 75% used [0x0000000080000000,0x000000008328e070,0x0000000084300000)
 Metaspace       used 63794K, committed 65024K, reserved 1114112K
  class space    used 6771K, committed 7296K, reserved 1048576K
}
Event: 60.848 GC heap after
{Heap after GC invocations=43 (full 3):
 PSYoungGen      total 15872K, used 968K [0x00000000d5580000, 0x00000000d6880000, 0x0000000100000000)
  eden space 14848K, 0% used [0x00000000d5580000,0x00000000d5580000,0x00000000d6400000)
  from space 1024K, 94% used [0x00000000d6780000,0x00000000d6872000,0x00000000d6880000)
  to   space 2048K, 0% used [0x00000000d6480000,0x00000000d6480000,0x00000000d6680000)
 ParOldGen       total 68608K, used 52890K [0x0000000080000000, 0x0000000084300000, 0x00000000d5580000)
  object space 68608K, 77% used [0x0000000080000000,0x00000000833a6830,0x0000000084300000)
 Metaspace       used 63794K, committed 65024K, reserved 1114112K
  class space    used 6771K, committed 7296K, reserved 1048576K
}
Event: 62.504 GC heap before
{Heap before GC invocations=44 (full 3):
 PSYoungGen      total 15872K, used 15816K [0x00000000d5580000, 0x00000000d6880000, 0x0000000100000000)
  eden space 14848K, 100% used [0x00000000d5580000,0x00000000d6400000,0x00000000d6400000)
  from space 1024K, 94% used [0x00000000d6780000,0x00000000d6872000,0x00000000d6880000)
  to   space 2048K, 0% used [0x00000000d6480000,0x00000000d6480000,0x00000000d6680000)
 ParOldGen       total 68608K, used 52890K [0x0000000080000000, 0x0000000084300000, 0x00000000d5580000)
  object space 68608K, 77% used [0x0000000080000000,0x00000000833a6830,0x0000000084300000)
 Metaspace       used 64160K, committed 65536K, reserved 1114112K
  class space    used 6803K, committed 7360K, reserved 1048576K
}
Event: 62.508 GC heap after
{Heap after GC invocations=44 (full 3):
 PSYoungGen      total 16896K, used 576K [0x00000000d5580000, 0x00000000d6800000, 0x0000000100000000)
  eden space 14848K, 0% used [0x00000000d5580000,0x00000000d5580000,0x00000000d6400000)
  from space 2048K, 28% used [0x00000000d6480000,0x00000000d6510000,0x00000000d6680000)
  to   space 1024K, 0% used [0x00000000d6700000,0x00000000d6700000,0x00000000d6800000)
 ParOldGen       total 68608K, used 53618K [0x0000000080000000, 0x0000000084300000, 0x00000000d5580000)
  object space 68608K, 78% used [0x0000000080000000,0x000000008345c830,0x0000000084300000)
 Metaspace       used 64160K, committed 65536K, reserved 1114112K
  class space    used 6803K, committed 7360K, reserved 1048576K
}
Event: 64.230 GC heap before
{Heap before GC invocations=45 (full 3):
 PSYoungGen      total 16896K, used 15424K [0x00000000d5580000, 0x00000000d6800000, 0x0000000100000000)
  eden space 14848K, 100% used [0x00000000d5580000,0x00000000d6400000,0x00000000d6400000)
  from space 2048K, 28% used [0x00000000d6480000,0x00000000d6510000,0x00000000d6680000)
  to   space 1024K, 0% used [0x00000000d6700000,0x00000000d6700000,0x00000000d6800000)
 ParOldGen       total 68608K, used 53618K [0x0000000080000000, 0x0000000084300000, 0x00000000d5580000)
  object space 68608K, 78% used [0x0000000080000000,0x000000008345c830,0x0000000084300000)
 Metaspace       used 64380K, committed 65728K, reserved 1114112K
  class space    used 6814K, committed 7360K, reserved 1048576K
}
Event: 64.233 GC heap after
{Heap after GC invocations=45 (full 3):
 PSYoungGen      total 15872K, used 608K [0x00000000d5580000, 0x00000000d6800000, 0x0000000100000000)
  eden space 14848K, 0% used [0x00000000d5580000,0x00000000d5580000,0x00000000d6400000)
  from space 1024K, 59% used [0x00000000d6700000,0x00000000d6798000,0x00000000d6800000)
  to   space 1024K, 0% used [0x00000000d6600000,0x00000000d6600000,0x00000000d6700000)
 ParOldGen       total 68608K, used 53954K [0x0000000080000000, 0x0000000084300000, 0x00000000d5580000)
  object space 68608K, 78% used [0x0000000080000000,0x00000000834b0840,0x0000000084300000)
 Metaspace       used 64380K, committed 65728K, reserved 1114112K
  class space    used 6814K, committed 7360K, reserved 1048576K
}

